-- Model 0 os060
.probe
  .back_absorption = back_absorption os060 = 1
  .background = background os060 = 1.09804e-07 in [-1e-07,1e-05]
  .intensity = intensity os060 = 1.04541 in [0.9,1.05]
  .sample_broadening = sample_broadening os060 = 0
  .theta_offset = theta_offset os060 = 0
.sample
  .layers
    [0]
      .interface = substrate roughness = 4.91113 in [2,9]
      .material
        .irho = silicon irho = 0
        .rho = silicon rho = 2.069
      .thickness = silicon thickness = 0
    [1]
      .interface = substrate roughness = 4.91113 in [2,9]
      .material
        .irho = siox irho = 0
        .rho = siox rho = 3.3597 in [3.1,5.1]
      .thickness = silicon oxide layer = 39.2557 in [5,40]
    [2]
      .interface = gold chromium roughness = 7.57964 in [2,14]
      .material
        .irho = chromium irho = 0
        .rho = chromium rho = 3.97587 in [2.7,4]
      .thickness = chromium layer = 18.2585 in [10,150]
    [3]
      .interface = gold interface = 0
      .material
        .irho = gold irho = 0
        .rho = gold rho = 4.44846 in [4.2,4.8]
      .thickness = (gold layer - 20) = 105.018
    [4]
      .bulknsld = d2o rho = 5.89382 in [5.3,6.5]
      .global_rough = substrate roughness = 4.91113 in [2,9]
      .interface = bilayer interface = 0
      .l_lipid1 = inner acyl chain thickness = 15.6067 in [8,16]
      .l_lipid2 = outer acyl chain thickness = 13.6018 in [8,16]
      .l_tether = length tether = 13.9808 in [6,18]
      .mult_tether = multiplicity tether = 2.99718 in [0.1,4]
      .nf_tether = number fraction tether = 0.287101 in [0.2,1]
      .rho_substrate = gold rho = 4.44846 in [4.2,4.8]
      .sigma = bilayer roughness = 4.87695 in [2,9]
      .thickness = bilayer thickness = 150
      .vf_bilayer = volume fraction bilayer = 0.999538 in [0,1]
    [5]
      .interface = d2o interface = 5
      .material
        .irho = d2o irho = 0
        .rho = d2o rho = 5.89382 in [5.3,6.5]
      .thickness = d2o thickness = 0
  .thickness = stack thickness = 312.532

[chisq=10.40(15), nllf=712.627]
-- Model 1 os061
.probe
  .back_absorption = back_absorption os061 = 1
  .background = background os061 = 3.9327e-06 in [-1e-07,1e-05]
  .intensity = intensity os060 = 1.04541 in [0.9,1.05]
  .sample_broadening = sample_broadening os061 = 0
  .theta_offset = theta_offset os061 = 0
.sample
  .layers
    [0]
      .interface = substrate roughness = 4.91113 in [2,9]
      .material
        .irho = silicon irho = 0
        .rho = silicon rho = 2.069
      .thickness = silicon thickness = 0
    [1]
      .interface = substrate roughness = 4.91113 in [2,9]
      .material
        .irho = siox irho = 0
        .rho = siox rho = 3.3597 in [3.1,5.1]
      .thickness = silicon oxide layer = 39.2557 in [5,40]
    [2]
      .interface = gold chromium roughness = 7.57964 in [2,14]
      .material
        .irho = chromium irho = 0
        .rho = chromium rho = 3.97587 in [2.7,4]
      .thickness = chromium layer = 18.2585 in [10,150]
    [3]
      .interface = gold interface = 0
      .material
        .irho = gold irho = 0
        .rho = gold rho = 4.44846 in [4.2,4.8]
      .thickness = (gold layer - 20) = 105.018
    [4]
      .bulknsld = h2o rho = -0.491363 in [-0.6,0.6]
      .global_rough = substrate roughness = 4.91113 in [2,9]
      .interface = bilayer interface = 0
      .l_lipid1 = inner acyl chain thickness = 15.6067 in [8,16]
      .l_lipid2 = outer acyl chain thickness = 13.6018 in [8,16]
      .l_tether = length tether = 13.9808 in [6,18]
      .mult_tether = multiplicity tether = 2.99718 in [0.1,4]
      .nf_tether = number fraction tether = 0.287101 in [0.2,1]
      .rho_substrate = gold rho = 4.44846 in [4.2,4.8]
      .sigma = bilayer roughness = 4.87695 in [2,9]
      .thickness = bilayer thickness = 150
      .vf_bilayer = volume fraction bilayer = 0.999538 in [0,1]
    [5]
      .interface = h2o interface = 5
      .material
        .irho = h2o irho = 0
        .rho = h2o rho = -0.491363 in [-0.6,0.6]
      .thickness = h2o thickness = 0
  .thickness = stack thickness = 312.532

[chisq=4.55(15), nllf=311.363]
[overall chisq=8.063(88), nllf=1023.99]
              Parameter       mean  median    best [   68% interval] [   95% interval]
 1     background os060 0.37(46)e-6 0.00000025 0.00000011 [-0.0000000 0.0000007] [-0.0000001 0.0000014]
 2      intensity os060  1.016(29)   1.023   1.045 [   0.99    1.04] [   0.94    1.05]
 3  substrate roughness    4.9(14)   4.859   4.911 [   3.47    6.49] [   2.24    7.42]
 4             siox rho   3.56(42)   3.408   3.360 [   3.24    3.92] [   3.13    4.78]
 5  silicon oxide layer     20(11)   18.72   39.26 [    7.7    32.8] [    5.3    38.7]
 6 gold chromium roughness    7.9(32)    7.55    7.58 [    4.5    11.8] [    2.7    13.5]
 7         chromium rho   3.40(28)   3.441   3.976 [   3.14    3.66] [   2.75    3.96]
 8       chromium layer     28(11)   27.99   18.26 [   15.7    39.5] [   11.3    45.5]
 9             gold rho  4.515(82)   4.516   4.448 [   4.43    4.60] [   4.36    4.69]
10              d2o rho  5.907(34)   5.915   5.894 [   5.87    5.94] [   5.82    5.95]
11 inner acyl chain thickness   14.6(10)  14.721  15.607 [  13.42   15.73] [  12.27   15.96]
12 outer acyl chain thickness   14.3(11)  14.439  13.602 [  13.04   15.52] [  11.88   15.95]
13        length tether   10.6(26)  10.330  13.981 [   7.87   13.33] [   6.37   16.20]
14  multiplicity tether    2.0(11)   2.006   2.997 [   0.70    3.32] [   0.18    3.85]
15 number fraction tether   0.57(22)   0.539   0.287 [   0.31    0.82] [   0.23    0.96]
16    bilayer roughness    4.6(12)   4.625   4.877 [   3.25    5.92] [   2.33    6.79]
17 volume fraction bilayer  0.983(19)  0.9887  0.9995 [  0.968   0.997] [  0.924   1.000]
18     background os061 3.73(77)e-6 0.00000368 0.00000393 [0.0000030 0.0000046] [0.0000021 0.0000053]
19              h2o rho  -0.32(18)  -0.346  -0.491 [  -0.49   -0.13] [  -0.59    0.14]
20           gold layer  135.0(69)  135.14  125.02 [  129.4   141.0] [  122.5   145.7]

Statistics and plots based on 22748 samples (57.1% of total samples drawn)
c:\users\joyjp\anaconda3\envs\refl1d3\lib\site-packages\bumps\dream\varplot.py:240: MatplotlibDeprecationWarning: shading='flat' when X and Y have the same dimensions as C is deprecated since 3.3.  Either specify the corners of the quadrilaterals with X and Y, or pass shading='auto', 'nearest' or 'gouraud', or set rcParams['pcolor.shading'].  This will become an error two minor releases later.
  pylab.pcolormesh(x, y, z, vmin=vmin, vmax=vmax, cmap=cmap)
c:\users\joyjp\anaconda3\envs\refl1d3\lib\site-packages\bumps\dream\varplot.py:244: VisibleDeprecationWarning: Creating an ndarray from ragged nested sequences (which is a list-or-tuple of lists-or-tuples-or ndarrays with different lengths or shapes) is deprecated. If you meant to do this, you must specify 'dtype=object' when creating the ndarray
  centers, height, maxlikelihood = array(bins).T
c:\users\joyjp\anaconda3\envs\refl1d3\lib\site-packages\bumps\dream\varplot.py:240: MatplotlibDeprecationWarning: shading='flat' when X and Y have the same dimensions as C is deprecated since 3.3.  Either specify the corners of the quadrilaterals with X and Y, or pass shading='auto', 'nearest' or 'gouraud', or set rcParams['pcolor.shading'].  This will become an error two minor releases later.
  pylab.pcolormesh(x, y, z, vmin=vmin, vmax=vmax, cmap=cmap)
c:\users\joyjp\anaconda3\envs\refl1d3\lib\site-packages\bumps\dream\varplot.py:244: VisibleDeprecationWarning: Creating an ndarray from ragged nested sequences (which is a list-or-tuple of lists-or-tuples-or ndarrays with different lengths or shapes) is deprecated. If you meant to do this, you must specify 'dtype=object' when creating the ndarray
  centers, height, maxlikelihood = array(bins).T
c:\users\joyjp\anaconda3\envs\refl1d3\lib\site-packages\bumps\dream\varplot.py:240: MatplotlibDeprecationWarning: shading='flat' when X and Y have the same dimensions as C is deprecated since 3.3.  Either specify the corners of the quadrilaterals with X and Y, or pass shading='auto', 'nearest' or 'gouraud', or set rcParams['pcolor.shading'].  This will become an error two minor releases later.
  pylab.pcolormesh(x, y, z, vmin=vmin, vmax=vmax, cmap=cmap)
c:\users\joyjp\anaconda3\envs\refl1d3\lib\site-packages\bumps\dream\varplot.py:244: VisibleDeprecationWarning: Creating an ndarray from ragged nested sequences (which is a list-or-tuple of lists-or-tuples-or ndarrays with different lengths or shapes) is deprecated. If you meant to do this, you must specify 'dtype=object' when creating the ndarray
  centers, height, maxlikelihood = array(bins).T
c:\users\joyjp\anaconda3\envs\refl1d3\lib\site-packages\bumps\dream\varplot.py:240: MatplotlibDeprecationWarning: shading='flat' when X and Y have the same dimensions as C is deprecated since 3.3.  Either specify the corners of the quadrilaterals with X and Y, or pass shading='auto', 'nearest' or 'gouraud', or set rcParams['pcolor.shading'].  This will become an error two minor releases later.
  pylab.pcolormesh(x, y, z, vmin=vmin, vmax=vmax, cmap=cmap)
c:\users\joyjp\anaconda3\envs\refl1d3\lib\site-packages\bumps\dream\varplot.py:244: VisibleDeprecationWarning: Creating an ndarray from ragged nested sequences (which is a list-or-tuple of lists-or-tuples-or ndarrays with different lengths or shapes) is deprecated. If you meant to do this, you must specify 'dtype=object' when creating the ndarray
  centers, height, maxlikelihood = array(bins).T
c:\users\joyjp\anaconda3\envs\refl1d3\lib\site-packages\bumps\dream\varplot.py:240: MatplotlibDeprecationWarning: shading='flat' when X and Y have the same dimensions as C is deprecated since 3.3.  Either specify the corners of the quadrilaterals with X and Y, or pass shading='auto', 'nearest' or 'gouraud', or set rcParams['pcolor.shading'].  This will become an error two minor releases later.
  pylab.pcolormesh(x, y, z, vmin=vmin, vmax=vmax, cmap=cmap)
c:\users\joyjp\anaconda3\envs\refl1d3\lib\site-packages\bumps\dream\varplot.py:244: VisibleDeprecationWarning: Creating an ndarray from ragged nested sequences (which is a list-or-tuple of lists-or-tuples-or ndarrays with different lengths or shapes) is deprecated. If you meant to do this, you must specify 'dtype=object' when creating the ndarray
  centers, height, maxlikelihood = array(bins).T
c:\users\joyjp\anaconda3\envs\refl1d3\lib\site-packages\bumps\dream\varplot.py:240: MatplotlibDeprecationWarning: shading='flat' when X and Y have the same dimensions as C is deprecated since 3.3.  Either specify the corners of the quadrilaterals with X and Y, or pass shading='auto', 'nearest' or 'gouraud', or set rcParams['pcolor.shading'].  This will become an error two minor releases later.
  pylab.pcolormesh(x, y, z, vmin=vmin, vmax=vmax, cmap=cmap)
c:\users\joyjp\anaconda3\envs\refl1d3\lib\site-packages\bumps\dream\varplot.py:244: VisibleDeprecationWarning: Creating an ndarray from ragged nested sequences (which is a list-or-tuple of lists-or-tuples-or ndarrays with different lengths or shapes) is deprecated. If you meant to do this, you must specify 'dtype=object' when creating the ndarray
  centers, height, maxlikelihood = array(bins).T
c:\users\joyjp\anaconda3\envs\refl1d3\lib\site-packages\bumps\dream\varplot.py:240: MatplotlibDeprecationWarning: shading='flat' when X and Y have the same dimensions as C is deprecated since 3.3.  Either specify the corners of the quadrilaterals with X and Y, or pass shading='auto', 'nearest' or 'gouraud', or set rcParams['pcolor.shading'].  This will become an error two minor releases later.
  pylab.pcolormesh(x, y, z, vmin=vmin, vmax=vmax, cmap=cmap)
c:\users\joyjp\anaconda3\envs\refl1d3\lib\site-packages\bumps\dream\varplot.py:244: VisibleDeprecationWarning: Creating an ndarray from ragged nested sequences (which is a list-or-tuple of lists-or-tuples-or ndarrays with different lengths or shapes) is deprecated. If you meant to do this, you must specify 'dtype=object' when creating the ndarray
  centers, height, maxlikelihood = array(bins).T
c:\users\joyjp\anaconda3\envs\refl1d3\lib\site-packages\bumps\dream\varplot.py:240: MatplotlibDeprecationWarning: shading='flat' when X and Y have the same dimensions as C is deprecated since 3.3.  Either specify the corners of the quadrilaterals with X and Y, or pass shading='auto', 'nearest' or 'gouraud', or set rcParams['pcolor.shading'].  This will become an error two minor releases later.
  pylab.pcolormesh(x, y, z, vmin=vmin, vmax=vmax, cmap=cmap)
c:\users\joyjp\anaconda3\envs\refl1d3\lib\site-packages\bumps\dream\varplot.py:244: VisibleDeprecationWarning: Creating an ndarray from ragged nested sequences (which is a list-or-tuple of lists-or-tuples-or ndarrays with different lengths or shapes) is deprecated. If you meant to do this, you must specify 'dtype=object' when creating the ndarray
  centers, height, maxlikelihood = array(bins).T
c:\users\joyjp\anaconda3\envs\refl1d3\lib\site-packages\bumps\dream\varplot.py:240: MatplotlibDeprecationWarning: shading='flat' when X and Y have the same dimensions as C is deprecated since 3.3.  Either specify the corners of the quadrilaterals with X and Y, or pass shading='auto', 'nearest' or 'gouraud', or set rcParams['pcolor.shading'].  This will become an error two minor releases later.
  pylab.pcolormesh(x, y, z, vmin=vmin, vmax=vmax, cmap=cmap)
c:\users\joyjp\anaconda3\envs\refl1d3\lib\site-packages\bumps\dream\varplot.py:244: VisibleDeprecationWarning: Creating an ndarray from ragged nested sequences (which is a list-or-tuple of lists-or-tuples-or ndarrays with different lengths or shapes) is deprecated. If you meant to do this, you must specify 'dtype=object' when creating the ndarray
  centers, height, maxlikelihood = array(bins).T
c:\users\joyjp\anaconda3\envs\refl1d3\lib\site-packages\bumps\dream\varplot.py:240: MatplotlibDeprecationWarning: shading='flat' when X and Y have the same dimensions as C is deprecated since 3.3.  Either specify the corners of the quadrilaterals with X and Y, or pass shading='auto', 'nearest' or 'gouraud', or set rcParams['pcolor.shading'].  This will become an error two minor releases later.
  pylab.pcolormesh(x, y, z, vmin=vmin, vmax=vmax, cmap=cmap)
c:\users\joyjp\anaconda3\envs\refl1d3\lib\site-packages\bumps\dream\varplot.py:244: VisibleDeprecationWarning: Creating an ndarray from ragged nested sequences (which is a list-or-tuple of lists-or-tuples-or ndarrays with different lengths or shapes) is deprecated. If you meant to do this, you must specify 'dtype=object' when creating the ndarray
  centers, height, maxlikelihood = array(bins).T
c:\users\joyjp\anaconda3\envs\refl1d3\lib\site-packages\bumps\dream\varplot.py:240: MatplotlibDeprecationWarning: shading='flat' when X and Y have the same dimensions as C is deprecated since 3.3.  Either specify the corners of the quadrilaterals with X and Y, or pass shading='auto', 'nearest' or 'gouraud', or set rcParams['pcolor.shading'].  This will become an error two minor releases later.
  pylab.pcolormesh(x, y, z, vmin=vmin, vmax=vmax, cmap=cmap)
c:\users\joyjp\anaconda3\envs\refl1d3\lib\site-packages\bumps\dream\varplot.py:244: VisibleDeprecationWarning: Creating an ndarray from ragged nested sequences (which is a list-or-tuple of lists-or-tuples-or ndarrays with different lengths or shapes) is deprecated. If you meant to do this, you must specify 'dtype=object' when creating the ndarray
  centers, height, maxlikelihood = array(bins).T
c:\users\joyjp\anaconda3\envs\refl1d3\lib\site-packages\bumps\dream\varplot.py:240: MatplotlibDeprecationWarning: shading='flat' when X and Y have the same dimensions as C is deprecated since 3.3.  Either specify the corners of the quadrilaterals with X and Y, or pass shading='auto', 'nearest' or 'gouraud', or set rcParams['pcolor.shading'].  This will become an error two minor releases later.
  pylab.pcolormesh(x, y, z, vmin=vmin, vmax=vmax, cmap=cmap)
c:\users\joyjp\anaconda3\envs\refl1d3\lib\site-packages\bumps\dream\varplot.py:244: VisibleDeprecationWarning: Creating an ndarray from ragged nested sequences (which is a list-or-tuple of lists-or-tuples-or ndarrays with different lengths or shapes) is deprecated. If you meant to do this, you must specify 'dtype=object' when creating the ndarray
  centers, height, maxlikelihood = array(bins).T
c:\users\joyjp\anaconda3\envs\refl1d3\lib\site-packages\bumps\dream\varplot.py:240: MatplotlibDeprecationWarning: shading='flat' when X and Y have the same dimensions as C is deprecated since 3.3.  Either specify the corners of the quadrilaterals with X and Y, or pass shading='auto', 'nearest' or 'gouraud', or set rcParams['pcolor.shading'].  This will become an error two minor releases later.
  pylab.pcolormesh(x, y, z, vmin=vmin, vmax=vmax, cmap=cmap)
c:\users\joyjp\anaconda3\envs\refl1d3\lib\site-packages\bumps\dream\varplot.py:244: VisibleDeprecationWarning: Creating an ndarray from ragged nested sequences (which is a list-or-tuple of lists-or-tuples-or ndarrays with different lengths or shapes) is deprecated. If you meant to do this, you must specify 'dtype=object' when creating the ndarray
  centers, height, maxlikelihood = array(bins).T
c:\users\joyjp\anaconda3\envs\refl1d3\lib\site-packages\bumps\dream\varplot.py:240: MatplotlibDeprecationWarning: shading='flat' when X and Y have the same dimensions as C is deprecated since 3.3.  Either specify the corners of the quadrilaterals with X and Y, or pass shading='auto', 'nearest' or 'gouraud', or set rcParams['pcolor.shading'].  This will become an error two minor releases later.
  pylab.pcolormesh(x, y, z, vmin=vmin, vmax=vmax, cmap=cmap)
c:\users\joyjp\anaconda3\envs\refl1d3\lib\site-packages\bumps\dream\varplot.py:244: VisibleDeprecationWarning: Creating an ndarray from ragged nested sequences (which is a list-or-tuple of lists-or-tuples-or ndarrays with different lengths or shapes) is deprecated. If you meant to do this, you must specify 'dtype=object' when creating the ndarray
  centers, height, maxlikelihood = array(bins).T
c:\users\joyjp\anaconda3\envs\refl1d3\lib\site-packages\bumps\dream\varplot.py:240: MatplotlibDeprecationWarning: shading='flat' when X and Y have the same dimensions as C is deprecated since 3.3.  Either specify the corners of the quadrilaterals with X and Y, or pass shading='auto', 'nearest' or 'gouraud', or set rcParams['pcolor.shading'].  This will become an error two minor releases later.
  pylab.pcolormesh(x, y, z, vmin=vmin, vmax=vmax, cmap=cmap)
c:\users\joyjp\anaconda3\envs\refl1d3\lib\site-packages\bumps\dream\varplot.py:244: VisibleDeprecationWarning: Creating an ndarray from ragged nested sequences (which is a list-or-tuple of lists-or-tuples-or ndarrays with different lengths or shapes) is deprecated. If you meant to do this, you must specify 'dtype=object' when creating the ndarray
  centers, height, maxlikelihood = array(bins).T
c:\users\joyjp\anaconda3\envs\refl1d3\lib\site-packages\bumps\dream\varplot.py:240: MatplotlibDeprecationWarning: shading='flat' when X and Y have the same dimensions as C is deprecated since 3.3.  Either specify the corners of the quadrilaterals with X and Y, or pass shading='auto', 'nearest' or 'gouraud', or set rcParams['pcolor.shading'].  This will become an error two minor releases later.
  pylab.pcolormesh(x, y, z, vmin=vmin, vmax=vmax, cmap=cmap)
c:\users\joyjp\anaconda3\envs\refl1d3\lib\site-packages\bumps\dream\varplot.py:244: VisibleDeprecationWarning: Creating an ndarray from ragged nested sequences (which is a list-or-tuple of lists-or-tuples-or ndarrays with different lengths or shapes) is deprecated. If you meant to do this, you must specify 'dtype=object' when creating the ndarray
  centers, height, maxlikelihood = array(bins).T
c:\users\joyjp\anaconda3\envs\refl1d3\lib\site-packages\bumps\dream\varplot.py:240: MatplotlibDeprecationWarning: shading='flat' when X and Y have the same dimensions as C is deprecated since 3.3.  Either specify the corners of the quadrilaterals with X and Y, or pass shading='auto', 'nearest' or 'gouraud', or set rcParams['pcolor.shading'].  This will become an error two minor releases later.
  pylab.pcolormesh(x, y, z, vmin=vmin, vmax=vmax, cmap=cmap)
c:\users\joyjp\anaconda3\envs\refl1d3\lib\site-packages\bumps\dream\varplot.py:244: VisibleDeprecationWarning: Creating an ndarray from ragged nested sequences (which is a list-or-tuple of lists-or-tuples-or ndarrays with different lengths or shapes) is deprecated. If you meant to do this, you must specify 'dtype=object' when creating the ndarray
  centers, height, maxlikelihood = array(bins).T
c:\users\joyjp\anaconda3\envs\refl1d3\lib\site-packages\bumps\dream\varplot.py:240: MatplotlibDeprecationWarning: shading='flat' when X and Y have the same dimensions as C is deprecated since 3.3.  Either specify the corners of the quadrilaterals with X and Y, or pass shading='auto', 'nearest' or 'gouraud', or set rcParams['pcolor.shading'].  This will become an error two minor releases later.
  pylab.pcolormesh(x, y, z, vmin=vmin, vmax=vmax, cmap=cmap)
c:\users\joyjp\anaconda3\envs\refl1d3\lib\site-packages\bumps\dream\varplot.py:244: VisibleDeprecationWarning: Creating an ndarray from ragged nested sequences (which is a list-or-tuple of lists-or-tuples-or ndarrays with different lengths or shapes) is deprecated. If you meant to do this, you must specify 'dtype=object' when creating the ndarray
  centers, height, maxlikelihood = array(bins).T
c:\users\joyjp\anaconda3\envs\refl1d3\lib\site-packages\bumps\dream\varplot.py:240: MatplotlibDeprecationWarning: shading='flat' when X and Y have the same dimensions as C is deprecated since 3.3.  Either specify the corners of the quadrilaterals with X and Y, or pass shading='auto', 'nearest' or 'gouraud', or set rcParams['pcolor.shading'].  This will become an error two minor releases later.
  pylab.pcolormesh(x, y, z, vmin=vmin, vmax=vmax, cmap=cmap)
c:\users\joyjp\anaconda3\envs\refl1d3\lib\site-packages\bumps\dream\varplot.py:244: VisibleDeprecationWarning: Creating an ndarray from ragged nested sequences (which is a list-or-tuple of lists-or-tuples-or ndarrays with different lengths or shapes) is deprecated. If you meant to do this, you must specify 'dtype=object' when creating the ndarray
  centers, height, maxlikelihood = array(bins).T
c:\users\joyjp\anaconda3\envs\refl1d3\lib\site-packages\bumps\dream\varplot.py:240: MatplotlibDeprecationWarning: shading='flat' when X and Y have the same dimensions as C is deprecated since 3.3.  Either specify the corners of the quadrilaterals with X and Y, or pass shading='auto', 'nearest' or 'gouraud', or set rcParams['pcolor.shading'].  This will become an error two minor releases later.
  pylab.pcolormesh(x, y, z, vmin=vmin, vmax=vmax, cmap=cmap)
c:\users\joyjp\anaconda3\envs\refl1d3\lib\site-packages\bumps\dream\varplot.py:244: VisibleDeprecationWarning: Creating an ndarray from ragged nested sequences (which is a list-or-tuple of lists-or-tuples-or ndarrays with different lengths or shapes) is deprecated. If you meant to do this, you must specify 'dtype=object' when creating the ndarray
  centers, height, maxlikelihood = array(bins).T
c:\users\joyjp\anaconda3\envs\refl1d3\lib\site-packages\matplotlib\backends\backend_agg.py:238: RuntimeWarning: Glyph 8315 missing from current font.
  font.set_text(s, 0.0, flags=flags)
c:\users\joyjp\anaconda3\envs\refl1d3\lib\site-packages\matplotlib\backends\backend_agg.py:201: RuntimeWarning: Glyph 8315 missing from current font.
  font.set_text(s, 0, flags=flags)
