-- Model 0 ch061
.probe
  .back_absorption = back_absorption ch061 = 1
  .background = background ch061 = 4.67373e-07 in [-1e-07,1e-05]
  .intensity = intensity ch061 = 0.991797 in [0.9,1.05]
  .sample_broadening = sample_broadening ch061 = 0
  .theta_offset = theta_offset ch061 = 0
.sample
  .layers
    [0]
      .interface = siox interface = 2.78058 in [2,9]
      .material
        .irho = silicon irho = 0
        .rho = silicon rho = 2.069
      .thickness = silicon thickness = 0
    [1]
      .interface = siox interface = 2.78058 in [2,9]
      .material
        .irho = siox irho = 0
        .rho = siox rho = 3.22053 in [3.1,5.1]
      .thickness = siox thickness = 10.8689 in [5,40]
    [2]
      .interface = tiox interface = 0
      .material
        .irho = tiox irho = 0
        .rho = tiox rho = 2.29067 in [1.163,3.163]
      .thickness = (total tiox thickness - 20) = 114.725
    [3]
      .bulknsld = d2o rho = 6.08212 in [5.3,6.5]
      .global_rough = substrate roughness = 4.41927 in [2,9]
      .interface = bilayer interface = 0
      .l_lipid1 = inner acyl chain thickness = 14.1539 in [8,16]
      .l_lipid2 = outer acyl chain thickness = 11.4 in [8,16]
      .l_submembrane = submembrane thickness = 27.5372 in [0,50]
      .rho_substrate = tiox rho = 2.29067 in [1.163,3.163]
      .sigma = bilayer roughness = 5.20835 in [2,9]
      .thickness = bilayer thickness = 150
      .vf_bilayer = volume fraction bilayer = 0.90418 in [0,1]
    [4]
      .interface = d2o interface = 5
      .material
        .irho = d2o irho = 0
        .rho = d2o rho = 6.08212 in [5.3,6.5]
      .thickness = d2o thickness = 0
  .thickness = stack thickness = 275.594

[chisq=0.97(12), nllf=62.5524]
-- Model 1 ch060
.probe
  .back_absorption = back_absorption ch060 = 1
  .background = background ch060 = 4.05116e-06 in [-1e-07,1e-05]
  .intensity = intensity ch061 = 0.991797 in [0.9,1.05]
  .sample_broadening = sample_broadening ch060 = 0
  .theta_offset = theta_offset ch060 = 0
.sample
  .layers
    [0]
      .interface = siox interface = 2.78058 in [2,9]
      .material
        .irho = silicon irho = 0
        .rho = silicon rho = 2.069
      .thickness = silicon thickness = 0
    [1]
      .interface = siox interface = 2.78058 in [2,9]
      .material
        .irho = siox irho = 0
        .rho = siox rho = 3.22053 in [3.1,5.1]
      .thickness = siox thickness = 10.8689 in [5,40]
    [2]
      .interface = tiox interface = 0
      .material
        .irho = tiox irho = 0
        .rho = tiox rho = 2.29067 in [1.163,3.163]
      .thickness = (total tiox thickness - 20) = 114.725
    [3]
      .bulknsld = h2o rho = -0.403866 in [-0.6,0.6]
      .global_rough = substrate roughness = 4.41927 in [2,9]
      .interface = bilayer interface = 0
      .l_lipid1 = inner acyl chain thickness = 14.1539 in [8,16]
      .l_lipid2 = outer acyl chain thickness = 11.4 in [8,16]
      .l_submembrane = submembrane thickness = 27.5372 in [0,50]
      .rho_substrate = tiox rho = 2.29067 in [1.163,3.163]
      .sigma = bilayer roughness = 5.20835 in [2,9]
      .thickness = bilayer thickness = 150
      .vf_bilayer = volume fraction bilayer = 0.90418 in [0,1]
    [4]
      .interface = h2o interface = 5
      .material
        .irho = h2o irho = 0
        .rho = h2o rho = -0.403866 in [-0.6,0.6]
      .thickness = h2o thickness = 0
  .thickness = stack thickness = 275.594

[chisq=1.21(12), nllf=78.1595]
[overall chisq=1.163(75), nllf=140.712]
              Parameter       mean  median    best [   68% interval] [   95% interval]
 1     background ch061 435(99)e-9 0.000000444 0.000000467 [0.00000034 0.00000053] [0.00000022 0.00000061]
 2      intensity ch061 0.9906(53)  0.9903  0.9918 [  0.985   0.996] [  0.981   1.001]
 3       siox interface   3.24(72)   3.257   2.781 [   2.43    4.00] [   2.06    4.54]
 4             siox rho   3.57(42)   3.460   3.221 [   3.14    4.12] [   3.11    4.41]
 5       siox thickness    8.9(25)   8.776  10.869 [   5.81   11.88] [   5.06   12.57]
 6             tiox rho 2.2876(74)  2.2880  2.2907 [  2.280   2.295] [  2.275   2.303]
 7              d2o rho 6.0770(70)  6.0772  6.0821 [  6.070   6.084] [  6.064   6.091]
 8  substrate roughness   4.27(46)   4.274   4.419 [   3.88    4.71] [   3.22    5.16]
 9 inner acyl chain thickness  14.29(46)  14.272  14.154 [  13.87   14.76] [  13.22   15.22]
10 outer acyl chain thickness  11.18(55)  11.208  11.400 [  10.66   11.72] [   9.97   12.47]
11 submembrane thickness  27.70(63)  27.722  27.537 [  27.08   28.34] [  26.43   29.00]
12    bilayer roughness   5.31(36)   5.343   5.208 [   4.95    5.67] [   4.63    6.00]
13 volume fraction bilayer  0.911(13)  0.9110  0.9042 [  0.897   0.924] [  0.887   0.935]
14     background ch060 4.04(13)e-6 0.000004044 0.000004051 [0.00000392 0.00000416] [0.00000379 0.00000431]
15              h2o rho -0.414(30)  -0.417  -0.404 [  -0.45   -0.38] [  -0.47   -0.35]
16 total tiox thickness  135.9(14) 135.943 134.725 [ 134.26  137.48] [ 133.80  138.15]

Statistics and plots based on 19239 samples (57.1% of total samples drawn)
c:\users\joyjp\anaconda3\envs\refl1d3\lib\site-packages\bumps\dream\varplot.py:240: MatplotlibDeprecationWarning: shading='flat' when X and Y have the same dimensions as C is deprecated since 3.3.  Either specify the corners of the quadrilaterals with X and Y, or pass shading='auto', 'nearest' or 'gouraud', or set rcParams['pcolor.shading'].  This will become an error two minor releases later.
  pylab.pcolormesh(x, y, z, vmin=vmin, vmax=vmax, cmap=cmap)
c:\users\joyjp\anaconda3\envs\refl1d3\lib\site-packages\bumps\dream\varplot.py:244: VisibleDeprecationWarning: Creating an ndarray from ragged nested sequences (which is a list-or-tuple of lists-or-tuples-or ndarrays with different lengths or shapes) is deprecated. If you meant to do this, you must specify 'dtype=object' when creating the ndarray
  centers, height, maxlikelihood = array(bins).T
c:\users\joyjp\anaconda3\envs\refl1d3\lib\site-packages\bumps\dream\varplot.py:240: MatplotlibDeprecationWarning: shading='flat' when X and Y have the same dimensions as C is deprecated since 3.3.  Either specify the corners of the quadrilaterals with X and Y, or pass shading='auto', 'nearest' or 'gouraud', or set rcParams['pcolor.shading'].  This will become an error two minor releases later.
  pylab.pcolormesh(x, y, z, vmin=vmin, vmax=vmax, cmap=cmap)
c:\users\joyjp\anaconda3\envs\refl1d3\lib\site-packages\bumps\dream\varplot.py:244: VisibleDeprecationWarning: Creating an ndarray from ragged nested sequences (which is a list-or-tuple of lists-or-tuples-or ndarrays with different lengths or shapes) is deprecated. If you meant to do this, you must specify 'dtype=object' when creating the ndarray
  centers, height, maxlikelihood = array(bins).T
c:\users\joyjp\anaconda3\envs\refl1d3\lib\site-packages\bumps\dream\varplot.py:240: MatplotlibDeprecationWarning: shading='flat' when X and Y have the same dimensions as C is deprecated since 3.3.  Either specify the corners of the quadrilaterals with X and Y, or pass shading='auto', 'nearest' or 'gouraud', or set rcParams['pcolor.shading'].  This will become an error two minor releases later.
  pylab.pcolormesh(x, y, z, vmin=vmin, vmax=vmax, cmap=cmap)
c:\users\joyjp\anaconda3\envs\refl1d3\lib\site-packages\bumps\dream\varplot.py:244: VisibleDeprecationWarning: Creating an ndarray from ragged nested sequences (which is a list-or-tuple of lists-or-tuples-or ndarrays with different lengths or shapes) is deprecated. If you meant to do this, you must specify 'dtype=object' when creating the ndarray
  centers, height, maxlikelihood = array(bins).T
c:\users\joyjp\anaconda3\envs\refl1d3\lib\site-packages\bumps\dream\varplot.py:240: MatplotlibDeprecationWarning: shading='flat' when X and Y have the same dimensions as C is deprecated since 3.3.  Either specify the corners of the quadrilaterals with X and Y, or pass shading='auto', 'nearest' or 'gouraud', or set rcParams['pcolor.shading'].  This will become an error two minor releases later.
  pylab.pcolormesh(x, y, z, vmin=vmin, vmax=vmax, cmap=cmap)
c:\users\joyjp\anaconda3\envs\refl1d3\lib\site-packages\bumps\dream\varplot.py:244: VisibleDeprecationWarning: Creating an ndarray from ragged nested sequences (which is a list-or-tuple of lists-or-tuples-or ndarrays with different lengths or shapes) is deprecated. If you meant to do this, you must specify 'dtype=object' when creating the ndarray
  centers, height, maxlikelihood = array(bins).T
c:\users\joyjp\anaconda3\envs\refl1d3\lib\site-packages\bumps\dream\varplot.py:240: MatplotlibDeprecationWarning: shading='flat' when X and Y have the same dimensions as C is deprecated since 3.3.  Either specify the corners of the quadrilaterals with X and Y, or pass shading='auto', 'nearest' or 'gouraud', or set rcParams['pcolor.shading'].  This will become an error two minor releases later.
  pylab.pcolormesh(x, y, z, vmin=vmin, vmax=vmax, cmap=cmap)
c:\users\joyjp\anaconda3\envs\refl1d3\lib\site-packages\bumps\dream\varplot.py:244: VisibleDeprecationWarning: Creating an ndarray from ragged nested sequences (which is a list-or-tuple of lists-or-tuples-or ndarrays with different lengths or shapes) is deprecated. If you meant to do this, you must specify 'dtype=object' when creating the ndarray
  centers, height, maxlikelihood = array(bins).T
c:\users\joyjp\anaconda3\envs\refl1d3\lib\site-packages\bumps\dream\varplot.py:240: MatplotlibDeprecationWarning: shading='flat' when X and Y have the same dimensions as C is deprecated since 3.3.  Either specify the corners of the quadrilaterals with X and Y, or pass shading='auto', 'nearest' or 'gouraud', or set rcParams['pcolor.shading'].  This will become an error two minor releases later.
  pylab.pcolormesh(x, y, z, vmin=vmin, vmax=vmax, cmap=cmap)
c:\users\joyjp\anaconda3\envs\refl1d3\lib\site-packages\bumps\dream\varplot.py:244: VisibleDeprecationWarning: Creating an ndarray from ragged nested sequences (which is a list-or-tuple of lists-or-tuples-or ndarrays with different lengths or shapes) is deprecated. If you meant to do this, you must specify 'dtype=object' when creating the ndarray
  centers, height, maxlikelihood = array(bins).T
c:\users\joyjp\anaconda3\envs\refl1d3\lib\site-packages\bumps\dream\varplot.py:240: MatplotlibDeprecationWarning: shading='flat' when X and Y have the same dimensions as C is deprecated since 3.3.  Either specify the corners of the quadrilaterals with X and Y, or pass shading='auto', 'nearest' or 'gouraud', or set rcParams['pcolor.shading'].  This will become an error two minor releases later.
  pylab.pcolormesh(x, y, z, vmin=vmin, vmax=vmax, cmap=cmap)
c:\users\joyjp\anaconda3\envs\refl1d3\lib\site-packages\bumps\dream\varplot.py:244: VisibleDeprecationWarning: Creating an ndarray from ragged nested sequences (which is a list-or-tuple of lists-or-tuples-or ndarrays with different lengths or shapes) is deprecated. If you meant to do this, you must specify 'dtype=object' when creating the ndarray
  centers, height, maxlikelihood = array(bins).T
c:\users\joyjp\anaconda3\envs\refl1d3\lib\site-packages\bumps\dream\varplot.py:240: MatplotlibDeprecationWarning: shading='flat' when X and Y have the same dimensions as C is deprecated since 3.3.  Either specify the corners of the quadrilaterals with X and Y, or pass shading='auto', 'nearest' or 'gouraud', or set rcParams['pcolor.shading'].  This will become an error two minor releases later.
  pylab.pcolormesh(x, y, z, vmin=vmin, vmax=vmax, cmap=cmap)
c:\users\joyjp\anaconda3\envs\refl1d3\lib\site-packages\bumps\dream\varplot.py:244: VisibleDeprecationWarning: Creating an ndarray from ragged nested sequences (which is a list-or-tuple of lists-or-tuples-or ndarrays with different lengths or shapes) is deprecated. If you meant to do this, you must specify 'dtype=object' when creating the ndarray
  centers, height, maxlikelihood = array(bins).T
c:\users\joyjp\anaconda3\envs\refl1d3\lib\site-packages\bumps\dream\varplot.py:240: MatplotlibDeprecationWarning: shading='flat' when X and Y have the same dimensions as C is deprecated since 3.3.  Either specify the corners of the quadrilaterals with X and Y, or pass shading='auto', 'nearest' or 'gouraud', or set rcParams['pcolor.shading'].  This will become an error two minor releases later.
  pylab.pcolormesh(x, y, z, vmin=vmin, vmax=vmax, cmap=cmap)
c:\users\joyjp\anaconda3\envs\refl1d3\lib\site-packages\bumps\dream\varplot.py:244: VisibleDeprecationWarning: Creating an ndarray from ragged nested sequences (which is a list-or-tuple of lists-or-tuples-or ndarrays with different lengths or shapes) is deprecated. If you meant to do this, you must specify 'dtype=object' when creating the ndarray
  centers, height, maxlikelihood = array(bins).T
c:\users\joyjp\anaconda3\envs\refl1d3\lib\site-packages\bumps\dream\varplot.py:240: MatplotlibDeprecationWarning: shading='flat' when X and Y have the same dimensions as C is deprecated since 3.3.  Either specify the corners of the quadrilaterals with X and Y, or pass shading='auto', 'nearest' or 'gouraud', or set rcParams['pcolor.shading'].  This will become an error two minor releases later.
  pylab.pcolormesh(x, y, z, vmin=vmin, vmax=vmax, cmap=cmap)
c:\users\joyjp\anaconda3\envs\refl1d3\lib\site-packages\bumps\dream\varplot.py:244: VisibleDeprecationWarning: Creating an ndarray from ragged nested sequences (which is a list-or-tuple of lists-or-tuples-or ndarrays with different lengths or shapes) is deprecated. If you meant to do this, you must specify 'dtype=object' when creating the ndarray
  centers, height, maxlikelihood = array(bins).T
c:\users\joyjp\anaconda3\envs\refl1d3\lib\site-packages\bumps\dream\varplot.py:240: MatplotlibDeprecationWarning: shading='flat' when X and Y have the same dimensions as C is deprecated since 3.3.  Either specify the corners of the quadrilaterals with X and Y, or pass shading='auto', 'nearest' or 'gouraud', or set rcParams['pcolor.shading'].  This will become an error two minor releases later.
  pylab.pcolormesh(x, y, z, vmin=vmin, vmax=vmax, cmap=cmap)
c:\users\joyjp\anaconda3\envs\refl1d3\lib\site-packages\bumps\dream\varplot.py:244: VisibleDeprecationWarning: Creating an ndarray from ragged nested sequences (which is a list-or-tuple of lists-or-tuples-or ndarrays with different lengths or shapes) is deprecated. If you meant to do this, you must specify 'dtype=object' when creating the ndarray
  centers, height, maxlikelihood = array(bins).T
c:\users\joyjp\anaconda3\envs\refl1d3\lib\site-packages\bumps\dream\varplot.py:240: MatplotlibDeprecationWarning: shading='flat' when X and Y have the same dimensions as C is deprecated since 3.3.  Either specify the corners of the quadrilaterals with X and Y, or pass shading='auto', 'nearest' or 'gouraud', or set rcParams['pcolor.shading'].  This will become an error two minor releases later.
  pylab.pcolormesh(x, y, z, vmin=vmin, vmax=vmax, cmap=cmap)
c:\users\joyjp\anaconda3\envs\refl1d3\lib\site-packages\bumps\dream\varplot.py:244: VisibleDeprecationWarning: Creating an ndarray from ragged nested sequences (which is a list-or-tuple of lists-or-tuples-or ndarrays with different lengths or shapes) is deprecated. If you meant to do this, you must specify 'dtype=object' when creating the ndarray
  centers, height, maxlikelihood = array(bins).T
c:\users\joyjp\anaconda3\envs\refl1d3\lib\site-packages\bumps\dream\varplot.py:240: MatplotlibDeprecationWarning: shading='flat' when X and Y have the same dimensions as C is deprecated since 3.3.  Either specify the corners of the quadrilaterals with X and Y, or pass shading='auto', 'nearest' or 'gouraud', or set rcParams['pcolor.shading'].  This will become an error two minor releases later.
  pylab.pcolormesh(x, y, z, vmin=vmin, vmax=vmax, cmap=cmap)
c:\users\joyjp\anaconda3\envs\refl1d3\lib\site-packages\bumps\dream\varplot.py:244: VisibleDeprecationWarning: Creating an ndarray from ragged nested sequences (which is a list-or-tuple of lists-or-tuples-or ndarrays with different lengths or shapes) is deprecated. If you meant to do this, you must specify 'dtype=object' when creating the ndarray
  centers, height, maxlikelihood = array(bins).T
c:\users\joyjp\anaconda3\envs\refl1d3\lib\site-packages\bumps\dream\varplot.py:240: MatplotlibDeprecationWarning: shading='flat' when X and Y have the same dimensions as C is deprecated since 3.3.  Either specify the corners of the quadrilaterals with X and Y, or pass shading='auto', 'nearest' or 'gouraud', or set rcParams['pcolor.shading'].  This will become an error two minor releases later.
  pylab.pcolormesh(x, y, z, vmin=vmin, vmax=vmax, cmap=cmap)
c:\users\joyjp\anaconda3\envs\refl1d3\lib\site-packages\bumps\dream\varplot.py:244: VisibleDeprecationWarning: Creating an ndarray from ragged nested sequences (which is a list-or-tuple of lists-or-tuples-or ndarrays with different lengths or shapes) is deprecated. If you meant to do this, you must specify 'dtype=object' when creating the ndarray
  centers, height, maxlikelihood = array(bins).T
c:\users\joyjp\anaconda3\envs\refl1d3\lib\site-packages\bumps\dream\varplot.py:240: MatplotlibDeprecationWarning: shading='flat' when X and Y have the same dimensions as C is deprecated since 3.3.  Either specify the corners of the quadrilaterals with X and Y, or pass shading='auto', 'nearest' or 'gouraud', or set rcParams['pcolor.shading'].  This will become an error two minor releases later.
  pylab.pcolormesh(x, y, z, vmin=vmin, vmax=vmax, cmap=cmap)
c:\users\joyjp\anaconda3\envs\refl1d3\lib\site-packages\bumps\dream\varplot.py:244: VisibleDeprecationWarning: Creating an ndarray from ragged nested sequences (which is a list-or-tuple of lists-or-tuples-or ndarrays with different lengths or shapes) is deprecated. If you meant to do this, you must specify 'dtype=object' when creating the ndarray
  centers, height, maxlikelihood = array(bins).T
c:\users\joyjp\anaconda3\envs\refl1d3\lib\site-packages\bumps\dream\varplot.py:240: MatplotlibDeprecationWarning: shading='flat' when X and Y have the same dimensions as C is deprecated since 3.3.  Either specify the corners of the quadrilaterals with X and Y, or pass shading='auto', 'nearest' or 'gouraud', or set rcParams['pcolor.shading'].  This will become an error two minor releases later.
  pylab.pcolormesh(x, y, z, vmin=vmin, vmax=vmax, cmap=cmap)
c:\users\joyjp\anaconda3\envs\refl1d3\lib\site-packages\bumps\dream\varplot.py:244: VisibleDeprecationWarning: Creating an ndarray from ragged nested sequences (which is a list-or-tuple of lists-or-tuples-or ndarrays with different lengths or shapes) is deprecated. If you meant to do this, you must specify 'dtype=object' when creating the ndarray
  centers, height, maxlikelihood = array(bins).T
c:\users\joyjp\anaconda3\envs\refl1d3\lib\site-packages\matplotlib\backends\backend_agg.py:238: RuntimeWarning: Glyph 8315 missing from current font.
  font.set_text(s, 0.0, flags=flags)
c:\users\joyjp\anaconda3\envs\refl1d3\lib\site-packages\matplotlib\backends\backend_agg.py:201: RuntimeWarning: Glyph 8315 missing from current font.
  font.set_text(s, 0, flags=flags)
