-- Model 0 os060
.probe
  .back_absorption = back_absorption os060 = 1
  .background = background os060 = 4.10537e-07 in [-1e-07,1e-05]
  .intensity = intensity os060 = 1.04626 in [0.95,1.05]
  .sample_broadening = sample_broadening os060 = 0
  .theta_offset = theta_offset os060 = 0
.sample
  .layers
    [0]
      .interface = ihg + buffer interface = 5.8603 in [0,15]
      .material
        .irho = d2o irho = 0
        .rho = d2o rho = 5.69524 in [5.3,6.5]
      .thickness = d2o thickness = 0
    [1]
      .interface = ihg + buffer interface = 5.8603 in [0,15]
      .material
        .irho = ohg + buffer irho = 0
        .rho = ((volume fraction outer headgroups * headgroups rho) + ((1 - volume fraction outer headgroups) * d2o rho)) = 5.05482
      .thickness = headgroup thickness = 10
    [2]
      .interface = ihg + buffer interface = 5.8603 in [0,15]
      .material
        .irho = tails + buffer irho = 0
        .rho = ((volume fraction bilayer * lipid tails rho) + ((1 - volume fraction bilayer) * d2o rho)) = -0.0944654
      .thickness = tails + buffer thickness = 39.9529 in [20,50]
    [3]
      .interface = ihg + buffer interface = 5.8603 in [0,15]
      .material
        .irho = ihg + buffer irho = 0
        .rho = ((volume fraction inner headgroups * headgroups rho) + ((1 - volume fraction inner headgroups) * d2o rho)) = 2.96127
      .thickness = headgroup thickness = 10
    [4]
      .interface = d2o interface = 10.6102 in [0,15]
      .material
        .irho = d2o irho = 0
        .rho = d2o rho = 5.69524 in [5.3,6.5]
      .thickness = d2o thickness = 0.697306 in [0,50]
    [5]
      .interface = siox interface = 14.5572 in [0,15]
      .material
        .irho = tiox irho = 0
        .rho = tiox rho = 3.16194 in [1.163,3.163]
      .thickness = tiox thickness = 87.8894 in [66.379,266.38]
    [6]
      .interface = siox interface = 14.5572 in [0,15]
      .material
        .irho = siox irho = 0
        .rho = siox rho = 5.09489 in [3.1,5.1]
      .thickness = siox thickness = 39.8353 in [5,40]
    [7]
      .interface = silicon interface = 0
      .material
        .irho = silicon irho = 0
        .rho = silicon rho = 2.069
      .thickness = silicon thickness = 0
  .thickness = stack thickness = 188.375

[chisq=54.90(12), nllf=3760.71]
-- Model 1 os061
.probe
  .back_absorption = back_absorption os061 = 1
  .background = background os061 = 4.26883e-06 in [-1e-07,1e-05]
  .intensity = intensity os060 = 1.04626 in [0.95,1.05]
  .sample_broadening = sample_broadening os061 = 0
  .theta_offset = theta_offset os061 = 0
.sample
  .layers
    [0]
      .interface = ihg + buffer interface = 5.8603 in [0,15]
      .material
        .irho = h2o irho = 0
        .rho = h2o rho = -0.495159 in [-0.6,0.6]
      .thickness = h2o thickness = 0
    [1]
      .interface = ihg + buffer interface = 5.8603 in [0,15]
      .material
        .irho = ohg + bufferh irho = 0
        .rho = ((volume fraction outer headgroups * headgroups rho) + ((1 - volume fraction outer headgroups) * h2o rho)) = -0.114378
      .thickness = headgroup thickness = 10
    [2]
      .interface = ihg + buffer interface = 5.8603 in [0,15]
      .material
        .irho = tails + bufferh irho = 0
        .rho = ((volume fraction bilayer * lipid tails rho) + ((1 - volume fraction bilayer) * h2o rho)) = -0.220201
      .thickness = tails + buffer thickness = 39.9529 in [20,50]
    [3]
      .interface = ihg + buffer interface = 5.8603 in [0,15]
      .material
        .irho = ihg + bufferh irho = 0
        .rho = ((volume fraction inner headgroups * headgroups rho) + ((1 - volume fraction inner headgroups) * h2o rho)) = 1.13041
      .thickness = headgroup thickness = 10
    [4]
      .interface = h2o interface = 10
      .material
        .irho = h2o irho = 0
        .rho = h2o rho = -0.495159 in [-0.6,0.6]
      .thickness = d2o thickness = 0.697306 in [0,50]
    [5]
      .interface = siox interface = 14.5572 in [0,15]
      .material
        .irho = tiox irho = 0
        .rho = tiox rho = 3.16194 in [1.163,3.163]
      .thickness = tiox thickness = 87.8894 in [66.379,266.38]
    [6]
      .interface = siox interface = 14.5572 in [0,15]
      .material
        .irho = siox irho = 0
        .rho = siox rho = 5.09489 in [3.1,5.1]
      .thickness = siox thickness = 39.8353 in [5,40]
    [7]
      .interface = silicon interface = 0
      .material
        .irho = silicon irho = 0
        .rho = silicon rho = 2.069
      .thickness = silicon thickness = 0
  .thickness = stack thickness = 188.375

[chisq=191.20(12), nllf=13097.3]
[overall chisq=131.191(75), nllf=16858]
              Parameter       mean  median    best [   68% interval] [   95% interval]
 1     background os060 0.68(54)e-6 0.00000057 0.00000041 [0.0000002 0.0000012] [-0.0000001 0.0000019]
 2      intensity os060  1.035(15)  1.0406  1.0463 [  1.022   1.048] [  0.991   1.050]
 3 ihg + buffer interface    7.0(27)    6.87    5.86 [    4.5     9.5] [    1.5    12.8]
 4              d2o rho  5.714(78)   5.719   5.695 [   5.64    5.79] [   5.53    5.85]
 5 tails + buffer thickness   42.6(46)   43.27   39.95 [   37.3    47.5] [   32.9    49.3]
 6        d2o interface    7.7(40)    7.63   10.61 [    3.2    12.4] [    0.8    14.8]
 7        d2o thickness    4.1(52)    2.28    0.70 [    0.5     8.8] [    0.1    19.3]
 8       siox interface   11.7(33)   13.06   14.56 [    8.8    14.4] [    1.5    14.9]
 9             tiox rho   3.11(11)   3.142   3.162 [   3.09    3.16] [   2.88    3.16]
10       tiox thickness     93(21)   86.15   87.89 [   79.8    97.5] [   74.3   157.3]
11             siox rho   4.90(34)   5.025   5.095 [   4.82    5.08] [   3.77    5.10]
12       siox thickness   36.3(72)   38.90   39.84 [   35.8    39.8] [   10.9    40.0]
13     background os061 4.77(95)e-6 0.00000474 0.00000427 [0.0000039 0.0000057] [0.0000028 0.0000067]
14              h2o rho  -0.46(19)  -0.536  -0.495 [  -0.59   -0.32] [  -0.60    0.24]
15 volume fraction outer headgroups   0.21(23)   0.125   0.165 [   0.03    0.47] [   0.00    0.83]
16 volume fraction bilayer  0.964(38)   0.977   0.980 [   0.93    0.99] [   0.85    1.00]
17 volume fraction inner headgroups   0.67(30)   0.772   0.704 [   0.25    0.95] [   0.04    0.99]

Statistics and plots based on 19844 samples (57.1% of total samples drawn)
c:\users\joyjp\anaconda3\lib\site-packages\bumps\dream\varplot.py:240: MatplotlibDeprecationWarning: shading='flat' when X and Y have the same dimensions as C is deprecated since 3.3.  Either specify the corners of the quadrilaterals with X and Y, or pass shading='auto', 'nearest' or 'gouraud', or set rcParams['pcolor.shading'].  This will become an error two minor releases later.
  pylab.pcolormesh(x, y, z, vmin=vmin, vmax=vmax, cmap=cmap)
c:\users\joyjp\anaconda3\lib\site-packages\bumps\dream\varplot.py:244: VisibleDeprecationWarning: Creating an ndarray from ragged nested sequences (which is a list-or-tuple of lists-or-tuples-or ndarrays with different lengths or shapes) is deprecated. If you meant to do this, you must specify 'dtype=object' when creating the ndarray.
  centers, height, maxlikelihood = array(bins).T
c:\users\joyjp\anaconda3\lib\site-packages\bumps\dream\varplot.py:240: MatplotlibDeprecationWarning: shading='flat' when X and Y have the same dimensions as C is deprecated since 3.3.  Either specify the corners of the quadrilaterals with X and Y, or pass shading='auto', 'nearest' or 'gouraud', or set rcParams['pcolor.shading'].  This will become an error two minor releases later.
  pylab.pcolormesh(x, y, z, vmin=vmin, vmax=vmax, cmap=cmap)
c:\users\joyjp\anaconda3\lib\site-packages\bumps\dream\varplot.py:244: VisibleDeprecationWarning: Creating an ndarray from ragged nested sequences (which is a list-or-tuple of lists-or-tuples-or ndarrays with different lengths or shapes) is deprecated. If you meant to do this, you must specify 'dtype=object' when creating the ndarray.
  centers, height, maxlikelihood = array(bins).T
c:\users\joyjp\anaconda3\lib\site-packages\bumps\dream\varplot.py:240: MatplotlibDeprecationWarning: shading='flat' when X and Y have the same dimensions as C is deprecated since 3.3.  Either specify the corners of the quadrilaterals with X and Y, or pass shading='auto', 'nearest' or 'gouraud', or set rcParams['pcolor.shading'].  This will become an error two minor releases later.
  pylab.pcolormesh(x, y, z, vmin=vmin, vmax=vmax, cmap=cmap)
c:\users\joyjp\anaconda3\lib\site-packages\bumps\dream\varplot.py:244: VisibleDeprecationWarning: Creating an ndarray from ragged nested sequences (which is a list-or-tuple of lists-or-tuples-or ndarrays with different lengths or shapes) is deprecated. If you meant to do this, you must specify 'dtype=object' when creating the ndarray.
  centers, height, maxlikelihood = array(bins).T
c:\users\joyjp\anaconda3\lib\site-packages\bumps\dream\varplot.py:240: MatplotlibDeprecationWarning: shading='flat' when X and Y have the same dimensions as C is deprecated since 3.3.  Either specify the corners of the quadrilaterals with X and Y, or pass shading='auto', 'nearest' or 'gouraud', or set rcParams['pcolor.shading'].  This will become an error two minor releases later.
  pylab.pcolormesh(x, y, z, vmin=vmin, vmax=vmax, cmap=cmap)
c:\users\joyjp\anaconda3\lib\site-packages\bumps\dream\varplot.py:244: VisibleDeprecationWarning: Creating an ndarray from ragged nested sequences (which is a list-or-tuple of lists-or-tuples-or ndarrays with different lengths or shapes) is deprecated. If you meant to do this, you must specify 'dtype=object' when creating the ndarray.
  centers, height, maxlikelihood = array(bins).T
c:\users\joyjp\anaconda3\lib\site-packages\bumps\dream\varplot.py:240: MatplotlibDeprecationWarning: shading='flat' when X and Y have the same dimensions as C is deprecated since 3.3.  Either specify the corners of the quadrilaterals with X and Y, or pass shading='auto', 'nearest' or 'gouraud', or set rcParams['pcolor.shading'].  This will become an error two minor releases later.
  pylab.pcolormesh(x, y, z, vmin=vmin, vmax=vmax, cmap=cmap)
c:\users\joyjp\anaconda3\lib\site-packages\bumps\dream\varplot.py:244: VisibleDeprecationWarning: Creating an ndarray from ragged nested sequences (which is a list-or-tuple of lists-or-tuples-or ndarrays with different lengths or shapes) is deprecated. If you meant to do this, you must specify 'dtype=object' when creating the ndarray.
  centers, height, maxlikelihood = array(bins).T
c:\users\joyjp\anaconda3\lib\site-packages\bumps\dream\varplot.py:240: MatplotlibDeprecationWarning: shading='flat' when X and Y have the same dimensions as C is deprecated since 3.3.  Either specify the corners of the quadrilaterals with X and Y, or pass shading='auto', 'nearest' or 'gouraud', or set rcParams['pcolor.shading'].  This will become an error two minor releases later.
  pylab.pcolormesh(x, y, z, vmin=vmin, vmax=vmax, cmap=cmap)
c:\users\joyjp\anaconda3\lib\site-packages\bumps\dream\varplot.py:244: VisibleDeprecationWarning: Creating an ndarray from ragged nested sequences (which is a list-or-tuple of lists-or-tuples-or ndarrays with different lengths or shapes) is deprecated. If you meant to do this, you must specify 'dtype=object' when creating the ndarray.
  centers, height, maxlikelihood = array(bins).T
c:\users\joyjp\anaconda3\lib\site-packages\bumps\dream\varplot.py:240: MatplotlibDeprecationWarning: shading='flat' when X and Y have the same dimensions as C is deprecated since 3.3.  Either specify the corners of the quadrilaterals with X and Y, or pass shading='auto', 'nearest' or 'gouraud', or set rcParams['pcolor.shading'].  This will become an error two minor releases later.
  pylab.pcolormesh(x, y, z, vmin=vmin, vmax=vmax, cmap=cmap)
c:\users\joyjp\anaconda3\lib\site-packages\bumps\dream\varplot.py:244: VisibleDeprecationWarning: Creating an ndarray from ragged nested sequences (which is a list-or-tuple of lists-or-tuples-or ndarrays with different lengths or shapes) is deprecated. If you meant to do this, you must specify 'dtype=object' when creating the ndarray.
  centers, height, maxlikelihood = array(bins).T
c:\users\joyjp\anaconda3\lib\site-packages\bumps\dream\varplot.py:240: MatplotlibDeprecationWarning: shading='flat' when X and Y have the same dimensions as C is deprecated since 3.3.  Either specify the corners of the quadrilaterals with X and Y, or pass shading='auto', 'nearest' or 'gouraud', or set rcParams['pcolor.shading'].  This will become an error two minor releases later.
  pylab.pcolormesh(x, y, z, vmin=vmin, vmax=vmax, cmap=cmap)
c:\users\joyjp\anaconda3\lib\site-packages\bumps\dream\varplot.py:244: VisibleDeprecationWarning: Creating an ndarray from ragged nested sequences (which is a list-or-tuple of lists-or-tuples-or ndarrays with different lengths or shapes) is deprecated. If you meant to do this, you must specify 'dtype=object' when creating the ndarray.
  centers, height, maxlikelihood = array(bins).T
c:\users\joyjp\anaconda3\lib\site-packages\bumps\dream\varplot.py:240: MatplotlibDeprecationWarning: shading='flat' when X and Y have the same dimensions as C is deprecated since 3.3.  Either specify the corners of the quadrilaterals with X and Y, or pass shading='auto', 'nearest' or 'gouraud', or set rcParams['pcolor.shading'].  This will become an error two minor releases later.
  pylab.pcolormesh(x, y, z, vmin=vmin, vmax=vmax, cmap=cmap)
c:\users\joyjp\anaconda3\lib\site-packages\bumps\dream\varplot.py:244: VisibleDeprecationWarning: Creating an ndarray from ragged nested sequences (which is a list-or-tuple of lists-or-tuples-or ndarrays with different lengths or shapes) is deprecated. If you meant to do this, you must specify 'dtype=object' when creating the ndarray.
  centers, height, maxlikelihood = array(bins).T
c:\users\joyjp\anaconda3\lib\site-packages\bumps\dream\varplot.py:240: MatplotlibDeprecationWarning: shading='flat' when X and Y have the same dimensions as C is deprecated since 3.3.  Either specify the corners of the quadrilaterals with X and Y, or pass shading='auto', 'nearest' or 'gouraud', or set rcParams['pcolor.shading'].  This will become an error two minor releases later.
  pylab.pcolormesh(x, y, z, vmin=vmin, vmax=vmax, cmap=cmap)
c:\users\joyjp\anaconda3\lib\site-packages\bumps\dream\varplot.py:244: VisibleDeprecationWarning: Creating an ndarray from ragged nested sequences (which is a list-or-tuple of lists-or-tuples-or ndarrays with different lengths or shapes) is deprecated. If you meant to do this, you must specify 'dtype=object' when creating the ndarray.
  centers, height, maxlikelihood = array(bins).T
c:\users\joyjp\anaconda3\lib\site-packages\bumps\dream\varplot.py:240: MatplotlibDeprecationWarning: shading='flat' when X and Y have the same dimensions as C is deprecated since 3.3.  Either specify the corners of the quadrilaterals with X and Y, or pass shading='auto', 'nearest' or 'gouraud', or set rcParams['pcolor.shading'].  This will become an error two minor releases later.
  pylab.pcolormesh(x, y, z, vmin=vmin, vmax=vmax, cmap=cmap)
c:\users\joyjp\anaconda3\lib\site-packages\bumps\dream\varplot.py:244: VisibleDeprecationWarning: Creating an ndarray from ragged nested sequences (which is a list-or-tuple of lists-or-tuples-or ndarrays with different lengths or shapes) is deprecated. If you meant to do this, you must specify 'dtype=object' when creating the ndarray.
  centers, height, maxlikelihood = array(bins).T
c:\users\joyjp\anaconda3\lib\site-packages\bumps\dream\varplot.py:240: MatplotlibDeprecationWarning: shading='flat' when X and Y have the same dimensions as C is deprecated since 3.3.  Either specify the corners of the quadrilaterals with X and Y, or pass shading='auto', 'nearest' or 'gouraud', or set rcParams['pcolor.shading'].  This will become an error two minor releases later.
  pylab.pcolormesh(x, y, z, vmin=vmin, vmax=vmax, cmap=cmap)
c:\users\joyjp\anaconda3\lib\site-packages\bumps\dream\varplot.py:244: VisibleDeprecationWarning: Creating an ndarray from ragged nested sequences (which is a list-or-tuple of lists-or-tuples-or ndarrays with different lengths or shapes) is deprecated. If you meant to do this, you must specify 'dtype=object' when creating the ndarray.
  centers, height, maxlikelihood = array(bins).T
c:\users\joyjp\anaconda3\lib\site-packages\bumps\dream\varplot.py:240: MatplotlibDeprecationWarning: shading='flat' when X and Y have the same dimensions as C is deprecated since 3.3.  Either specify the corners of the quadrilaterals with X and Y, or pass shading='auto', 'nearest' or 'gouraud', or set rcParams['pcolor.shading'].  This will become an error two minor releases later.
  pylab.pcolormesh(x, y, z, vmin=vmin, vmax=vmax, cmap=cmap)
c:\users\joyjp\anaconda3\lib\site-packages\bumps\dream\varplot.py:244: VisibleDeprecationWarning: Creating an ndarray from ragged nested sequences (which is a list-or-tuple of lists-or-tuples-or ndarrays with different lengths or shapes) is deprecated. If you meant to do this, you must specify 'dtype=object' when creating the ndarray.
  centers, height, maxlikelihood = array(bins).T
c:\users\joyjp\anaconda3\lib\site-packages\bumps\dream\varplot.py:240: MatplotlibDeprecationWarning: shading='flat' when X and Y have the same dimensions as C is deprecated since 3.3.  Either specify the corners of the quadrilaterals with X and Y, or pass shading='auto', 'nearest' or 'gouraud', or set rcParams['pcolor.shading'].  This will become an error two minor releases later.
  pylab.pcolormesh(x, y, z, vmin=vmin, vmax=vmax, cmap=cmap)
c:\users\joyjp\anaconda3\lib\site-packages\bumps\dream\varplot.py:244: VisibleDeprecationWarning: Creating an ndarray from ragged nested sequences (which is a list-or-tuple of lists-or-tuples-or ndarrays with different lengths or shapes) is deprecated. If you meant to do this, you must specify 'dtype=object' when creating the ndarray.
  centers, height, maxlikelihood = array(bins).T
c:\users\joyjp\anaconda3\lib\site-packages\bumps\dream\varplot.py:240: MatplotlibDeprecationWarning: shading='flat' when X and Y have the same dimensions as C is deprecated since 3.3.  Either specify the corners of the quadrilaterals with X and Y, or pass shading='auto', 'nearest' or 'gouraud', or set rcParams['pcolor.shading'].  This will become an error two minor releases later.
  pylab.pcolormesh(x, y, z, vmin=vmin, vmax=vmax, cmap=cmap)
c:\users\joyjp\anaconda3\lib\site-packages\bumps\dream\varplot.py:244: VisibleDeprecationWarning: Creating an ndarray from ragged nested sequences (which is a list-or-tuple of lists-or-tuples-or ndarrays with different lengths or shapes) is deprecated. If you meant to do this, you must specify 'dtype=object' when creating the ndarray.
  centers, height, maxlikelihood = array(bins).T
c:\users\joyjp\anaconda3\lib\site-packages\bumps\dream\varplot.py:240: MatplotlibDeprecationWarning: shading='flat' when X and Y have the same dimensions as C is deprecated since 3.3.  Either specify the corners of the quadrilaterals with X and Y, or pass shading='auto', 'nearest' or 'gouraud', or set rcParams['pcolor.shading'].  This will become an error two minor releases later.
  pylab.pcolormesh(x, y, z, vmin=vmin, vmax=vmax, cmap=cmap)
c:\users\joyjp\anaconda3\lib\site-packages\bumps\dream\varplot.py:244: VisibleDeprecationWarning: Creating an ndarray from ragged nested sequences (which is a list-or-tuple of lists-or-tuples-or ndarrays with different lengths or shapes) is deprecated. If you meant to do this, you must specify 'dtype=object' when creating the ndarray.
  centers, height, maxlikelihood = array(bins).T
c:\users\joyjp\anaconda3\lib\site-packages\bumps\dream\varplot.py:240: MatplotlibDeprecationWarning: shading='flat' when X and Y have the same dimensions as C is deprecated since 3.3.  Either specify the corners of the quadrilaterals with X and Y, or pass shading='auto', 'nearest' or 'gouraud', or set rcParams['pcolor.shading'].  This will become an error two minor releases later.
  pylab.pcolormesh(x, y, z, vmin=vmin, vmax=vmax, cmap=cmap)
c:\users\joyjp\anaconda3\lib\site-packages\bumps\dream\varplot.py:244: VisibleDeprecationWarning: Creating an ndarray from ragged nested sequences (which is a list-or-tuple of lists-or-tuples-or ndarrays with different lengths or shapes) is deprecated. If you meant to do this, you must specify 'dtype=object' when creating the ndarray.
  centers, height, maxlikelihood = array(bins).T
c:\users\joyjp\anaconda3\lib\site-packages\matplotlib\backends\backend_agg.py:238: RuntimeWarning: Glyph 8315 missing from current font.
  font.set_text(s, 0.0, flags=flags)
c:\users\joyjp\anaconda3\lib\site-packages\matplotlib\backends\backend_agg.py:201: RuntimeWarning: Glyph 8315 missing from current font.
  font.set_text(s, 0, flags=flags)
